app/build/outputs/mapping/release/mapping.txt
com.ytosko.cgcalc.BuildConfig -> com.ytosko.cgcalc.BuildConfig:
    boolean DEBUG -> DEBUG
    java.lang.String APPLICATION_ID -> APPLICATION_ID
    java.lang.String BUILD_TYPE -> BUILD_TYPE
    java.lang.String FLAVOR -> FLAVOR
    int VERSION_CODE -> VERSION_CODE
    java.lang.String VERSION_NAME -> VERSION_NAME
    6:6:void <init>() -> <init>
com.ytosko.cgcalc.Display -> com.ytosko.cgcalc.Display:
    android.widget.Button again -> again
    android.os.Vibrator x -> k
    java.lang.String ss -> l
    java.lang.String RR -> m
    java.text.DecimalFormat d -> n
    16:22:void <init>() -> <init>
    25:60:void onCreate(android.os.Bundle) -> onCreate
    62:66:void createpdf() -> createpdf
    16:16:void access$000(com.ytosko.cgcalc.Display) -> a
com.ytosko.cgcalc.Display$1 -> com.ytosko.cgcalc.Display$1:
    com.ytosko.cgcalc.Display this$0 -> a
    44:44:void <init>(com.ytosko.cgcalc.Display) -> <init>
    47:51:void onClick(android.view.View) -> onClick
com.ytosko.cgcalc.Display$2 -> com.ytosko.cgcalc.Display$2:
    com.ytosko.cgcalc.Display this$0 -> a
    53:53:void <init>(com.ytosko.cgcalc.Display) -> <init>
    56:58:void onClick(android.view.View) -> onClick
com.ytosko.cgcalc.MainActivity -> com.ytosko.cgcalc.MainActivity:
    android.widget.EditText Course_Code -> Course_Code
    android.widget.EditText Credit -> Credit
    android.widget.EditText gpa -> gpa
    android.widget.Button add -> add
    android.widget.Button get -> get
    android.widget.Button reset -> reset
    android.widget.TextView Display -> Display
    android.widget.TextView GpaDis -> GpaDis
    android.widget.TextView CrDis -> CrDis
    android.widget.TextView slDis -> slDis
    double cgpa -> k
    java.lang.String Course -> l
    java.lang.String c_Credit -> m
    java.lang.String c_gpa -> n
    double sum -> o
    double mul_sum -> p
    int i -> q
    int j -> r
    android.os.Vibrator xyz -> s
    java.lang.String s -> t
    android.text.TextWatcher x -> x
    36:162:void <init>() -> <init>
    49:150:void onCreate(android.os.Bundle) -> onCreate
    155:161:void openActivity2() -> openActivity2
    20:20:android.widget.EditText access$000(com.ytosko.cgcalc.MainActivity) -> a
    20:20:android.widget.EditText access$100(com.ytosko.cgcalc.MainActivity) -> b
    20:20:android.widget.EditText access$200(com.ytosko.cgcalc.MainActivity) -> c
    20:20:android.widget.TextView access$300(com.ytosko.cgcalc.MainActivity) -> d
    20:20:android.widget.TextView access$400(com.ytosko.cgcalc.MainActivity) -> e
    20:20:android.widget.TextView access$500(com.ytosko.cgcalc.MainActivity) -> f
com.ytosko.cgcalc.MainActivity$1 -> com.ytosko.cgcalc.MainActivity$1:
    com.ytosko.cgcalc.MainActivity this$0 -> a
    71:71:void <init>(com.ytosko.cgcalc.MainActivity) -> <init>
    75:121:void onClick(android.view.View) -> onClick
com.ytosko.cgcalc.MainActivity$2 -> com.ytosko.cgcalc.MainActivity$2:
    com.ytosko.cgcalc.MainActivity this$0 -> a
    123:123:void <init>(com.ytosko.cgcalc.MainActivity) -> <init>
    126:135:void onClick(android.view.View) -> onClick
com.ytosko.cgcalc.MainActivity$3 -> com.ytosko.cgcalc.MainActivity$3:
    com.ytosko.cgcalc.MainActivity this$0 -> a
    137:137:void <init>(com.ytosko.cgcalc.MainActivity) -> <init>
    140:148:void onClick(android.view.View) -> onClick
com.ytosko.cgcalc.MainActivity$4 -> com.ytosko.cgcalc.MainActivity$4:
    com.ytosko.cgcalc.MainActivity this$0 -> a
    162:162:void <init>(com.ytosko.cgcalc.MainActivity) -> <init>
    166:166:void beforeTextChanged(java.lang.CharSequence,int,int,int) -> beforeTextChanged
    170:174:void onTextChanged(java.lang.CharSequence,int,int,int) -> onTextChanged
    179:179:void afterTextChanged(android.text.Editable) -> afterTextChanged
...
android.support.annotation.IntegerRes -> android.support.annotation.IntegerRes:
android.support.annotation.InterpolatorRes -> android.support.annotation.InterpolatorRes:
android.support.annotation.Keep -> android.support.annotation.Keep:
android.support.annotation.LayoutRes -> android.support.annotation.LayoutRes:
android.support.annotation.LongDef -> android.support.annotation.LongDef:
    long[] value() -> value
    boolean flag() -> flag
android.support.annotation.MainThread -> android.support.annotation.MainThread:
android.support.annotation.MenuRes -> android.support.annotation.MenuRes:
android.support.annotation.NavigationRes -> android.support.annotation.NavigationRes:
android.support.annotation.NonNull -> android.support.annotation.NonNull:
android.support.annotation.Nullable -> android.support.annotation.Nullable:
android.support.annotation.PluralsRes -> android.support.annotation.PluralsRes:
android.support.annotation.Px -> android.support.annotation.Px:
android.support.annotation.RawRes -> android.support.annotation.RawRes:
android.support.annotation.RequiresApi -> android.support.annotation.RequiresApi:
    int value() -> value
    int api() -> api
android.support.annotation.RequiresFeature -> android.support.annotation.RequiresFeature:
    java.lang.String name() -> name
    java.lang.String enforcement() -> enforcement
android.support.annotation.RequiresPermission -> android.support.annotation.RequiresPermission:
    java.lang.String value() -> value
    java.lang.String[] allOf() -> allOf
    java.lang.String[] anyOf() -> anyOf
    boolean conditional() -> conditional
android.support.annotation.RequiresPermission$Read -> android.support.annotation.RequiresPermission$Read:
    android.support.annotation.RequiresPermission value() -> value
android.support.annotation.RequiresPermission$Write -> android.support.annotation.RequiresPermission$Write:
    android.support.annotation.RequiresPermission value() -> value
android.support.annotation.RestrictTo -> android.support.annotation.RestrictTo:
    android.support.annotation.RestrictTo$Scope[] value() -> value
android.support.annotation.RestrictTo$Scope -> android.support.annotation.RestrictTo$Scope:
    android.support.annotation.RestrictTo$Scope LIBRARY -> LIBRARY
    android.support.annotation.RestrictTo$Scope LIBRARY_GROUP -> LIBRARY_GROUP
    android.support.annotation.RestrictTo$Scope GROUP_ID -> GROUP_ID
    android.support.annotation.RestrictTo$Scope TESTS -> TESTS
    android.support.annotation.RestrictTo$Scope SUBCLASSES -> SUBCLASSES
    android.support.annotation.RestrictTo$Scope[] $VALUES -> $VALUES
    58:58:android.support.annotation.RestrictTo$Scope[] values() -> values
    58:58:android.support.annotation.RestrictTo$Scope valueOf(java.lang.String) -> valueOf
    58:58:void <init>(java.lang.String,int) -> <init>
    58:91:void <clinit>() -> <clinit>
android.support.annotation.Size -> android.support.annotation.Size:
    long value() -> value
    long min() -> min
    long max() -> max
    long multiple() -> multiple
android.support.annotation.StringDef -> android.support.annotation.StringDef:
    java.lang.String[] value() -> value
android.support.annotation.StringRes -> android.support.annotation.StringRes:
android.support.annotation.StyleRes -> android.support.annotation.StyleRes:
android.support.annotation.StyleableRes -> android.support.annotation.StyleableRes:
android.support.annotation.TransitionRes -> android.support.annotation.TransitionRes:
android.support.annotation.UiThread -> android.support.annotation.UiThread:
android.support.annotation.VisibleForTesting -> android.support.annotation.VisibleForTesting:
    int PRIVATE -> PRIVATE
    int PACKAGE_PRIVATE -> PACKAGE_PRIVATE
    int PROTECTED -> PROTECTED
    int NONE -> NONE
    int otherwise() -> otherwise
android.support.annotation.WorkerThread -> android.support.annotation.WorkerThread:
android.support.annotation.XmlRes -> android.support.annotation.XmlRes: