app/build/outputs/mapping/release/usage.txt
android.support.design.widget.FloatingActionButtonImpl:
    static final long ELEVATION_ANIM_DURATION
    static final long ELEVATION_ANIM_DELAY
    static final int ANIM_STATE_NONE
    static final int ANIM_STATE_HIDING
    static final int ANIM_STATE_SHOWING
android.support.design.widget.IndicatorViewController:
    static final int ERROR_INDEX
    static final int HELPER_INDEX
    static final int COUNTER_INDEX
    480:480:boolean errorIsDisplayed()
    494:494:boolean helperTextIsDisplayed()
    498:498:boolean helperTextShouldBeShown()
    560:560:android.content.res.ColorStateList getHelperTextViewColors()
android.support.design.widget.ShadowDrawableWrapper:
    static final float SHADOW_MULTIPLIER
    static final float SHADOW_TOP_SCALE
    static final float SHADOW_HORIZ_SCALE
    static final float SHADOW_BOTTOM_SCALE
android.support.design.widget.SnackbarManager:
    static final int MSG_TIMEOUT
android.support.design.widget.TabLayout:
    static final int DEFAULT_GAP_TEXT_ICON
    static final int FIXED_WRAP_GUTTER_MIN
android.support.design.widget.TabLayout$SlidingTabIndicator:
    2427:2427:float getIndicatorPosition()
android.support.design.widget.TextInputLayout:
    1962:1962:boolean cutoutIsOpen()
    2070:2070:final boolean isHintExpanded()
    2075:2075:final boolean isHelperTextDisplayed()
android.support.graphics.drawable.AndroidResources:
    static final int STYLEABLE_VECTOR_DRAWABLE_ALPHA
    static final int STYLEABLE_VECTOR_DRAWABLE_AUTO_MIRRORED
    static final int STYLEABLE_VECTOR_DRAWABLE_HEIGHT
    static final int STYLEABLE_VECTOR_DRAWABLE_NAME
    static final int STYLEABLE_VECTOR_DRAWABLE_TINT
    static final int STYLEABLE_VECTOR_DRAWABLE_TINT_MODE
    static final int STYLEABLE_VECTOR_DRAWABLE_VIEWPORT_HEIGHT
    static final int STYLEABLE_VECTOR_DRAWABLE_VIEWPORT_WIDTH
    static final int STYLEABLE_VECTOR_DRAWABLE_WIDTH
    static final int STYLEABLE_VECTOR_DRAWABLE_GROUP_NAME
    static final int STYLEABLE_VECTOR_DRAWABLE_GROUP_PIVOT_X
    static final int STYLEABLE_VECTOR_DRAWABLE_GROUP_PIVOT_Y
    static final int STYLEABLE_VECTOR_DRAWABLE_GROUP_ROTATION
    static final int STYLEABLE_VECTOR_DRAWABLE_GROUP_SCALE_X
    static final int STYLEABLE_VECTOR_DRAWABLE_GROUP_SCALE_Y
    static final int STYLEABLE_VECTOR_DRAWABLE_GROUP_TRANSLATE_X
    static final int STYLEABLE_VECTOR_DRAWABLE_GROUP_TRANSLATE_Y
    static final int STYLEABLE_VECTOR_DRAWABLE_PATH_FILL_ALPHA
    static final int STYLEABLE_VECTOR_DRAWABLE_PATH_FILL_COLOR
    static final int STYLEABLE_VECTOR_DRAWABLE_PATH_NAME
    static final int STYLEABLE_VECTOR_DRAWABLE_PATH_PATH_DATA
    static final int STYLEABLE_VECTOR_DRAWABLE_PATH_STROKE_ALPHA
    static final int STYLEABLE_VECTOR_DRAWABLE_PATH_STROKE_COLOR
    static final int STYLEABLE_VECTOR_DRAWABLE_PATH_STROKE_LINE_CAP
android.support.graphics.drawable.AnimatorInflaterCompat$PathDataEvaluator:
    177:179:AnimatorInflaterCompat$PathDataEvaluator(android.support.v4.graphics.PathParser$PathDataNode[])
android.support.graphics.drawable.VectorDrawableCompat:
    static final java.lang.String LOGTAG
android.support.graphics.drawable.VectorDrawableCompat$VectorDrawableCompatState:
    int[] mCachedThemeAttrs
android.support.multidex.MultiDex:
    static final java.lang.String TAG
android.support.transition.Transition:
    static final boolean DBG
    2008:2021:protected void cancel()
android.support.transition.TransitionSet:
    571:576:protected void cancel()
android.support.transition.ViewOverlayApi14:
    84:84:android.view.ViewGroup getOverlayView()
    103:103:boolean isEmpty()
android.support.transition.ViewOverlayApi14$OverlayViewGroup:
    313:324:protected android.view.ViewParent invalidateChildInParentFast(int,int,android.graphics.Rect)
android.support.transition.ViewOverlayApi14$OverlayViewGroup$TouchInterceptor:
    349:350:ViewOverlayApi14$OverlayViewGroup$TouchInterceptor(android.content.Context)